MPASM  5.31                          MAIN.ASM   11-12-2018  10:08:03         PAGE  1


LOC  OBJECT CODE     LINE SOURCE TEXT
  VALUE

                      00001                 #INCLUDE<P16F628.INC>
                      00001         LIST
                      00002 ; P16F628.INC  Standard Header File, Version 1.01    Microchip Technology, Inc.
                      00261         LIST
2007   3F10           00002                 __CONFIG 3F10
                      00003                 
                      00004 ;DECLARACION DE ESPACIOS DE MEMORIA A USAR              
                      00005                 CBLOCK  0X20
  00000020            00006                 D1
  00000021            00007                 D2
  00000022            00008                 D3
  00000023            00009                 D4
  00000024            00010                 INPUT_1                                                         ;PRIMER INPUT (0x000 A 0
                            xFFF)
  00000025            00011                 INPUT_2                                                         ;SEGUNDO INPUT (0x000 A 
                            0xFFF)
  00000026            00012                 AUX_W
  00000027            00013                 AUX_STATUS
  00000028            00014                 CONT_AR 
  00000029            00015                 CONT_AR_2
                      00016                 ENDC            
                      00017 
                      00018 ;DECLARACION DE CONSTATNES
                      00019 #DEFINE BTN_G1  PORTA,6
                      00020 #DEFINE BTN_G2  PORTA,7
                      00021 #DEFINE BTN_R   PORTA,4
                      00022 #DEFINE BTN_M   PORTB,0
                      00023 
                      00024 #DEFINE PIN_D1  3
                      00025 #DEFINE PIN_D2  2
                      00026 #DEFINE PIN_D3  1
                      00027 #DEFINE PIN_D4  0
                      00028 
                      00029 #DEFINE CTRL_DISPLAY    PORTA
                      00030 #DEFINE APAGAR_DISPLAYS CLRF    PORTA
                      00031 
                      00032 ;DECLARACION DE MACROS
                      00033 
                      00034 MOSTRAR MACRO   DIGITO,PIN
                      00035                 APAGAR_DISPLAYS
                      00036                 MOVF    DIGITO,W
                      00037                 CALL    TAB_DISPLAY
                      00038                 MOVWF   PORTB
                      00039                 BSF             CTRL_DISPLAY,PIN
                      00040                 ENDM
                      00041 
                      00042 SUMAR   MACRO   DIGITO
                      00043                 INCF    DIGITO,1
                      00044                 MOVF    DIGITO,W
                      00045                 XORLW   .16                                     ; LIMITE DE DIGITO -1
                      00046                 BTFSC   STATUS,Z                        ; SI LLEGO AL LIMITE Z = 1
                      00047                 CLRF    DIGITO                          ; LO PONE EN 0 PORQUE Z = 1
                      00048                 ENDM                                            
MPASM  5.31                          MAIN.ASM   11-12-2018  10:08:03         PAGE  2


LOC  OBJECT CODE     LINE SOURCE TEXT
  VALUE

                      00049 
                      00050 RESTAR  MACRO   DIGITO
                      00051                 DECF    DIGITO,1
                      00052                 MOVF    DIGITO,W
                      00053                 ENDM
                      00054 
                      00055 ;INICIO DEL PROGRAMA            
                      00056                 
                      00057                 ORG             0X00
0000   2???           00058                 GOTO    CONFI
                      00059                 ORG             0X04            
                      00060 
                      00061 ;RUTINA DE INTERRUPCION
                      00062 ;DESBORDA EL TIMER CADA 15ms
                      00063 ;MUESTRA TODOS LOS DIGITOS DE ACUERDO A LAS VARIABLES D1:4
                      00064 
                      00065 ;GUARDA STATUS Y W EN VARIABLES AUXILIARES
0004   110B           00066                 BCF             INTCON,T0IF
0005   138B           00067                 BCF             INTCON,GIE              
0006   00A6           00068                 MOVWF   AUX_W
0007   3003           00069                 MOVLW   STATUS
0008   00A7           00070                 MOVWF   AUX_STATUS
                      00071 ;MULTIPLEXADO DE DISPLAYS
0009   1985           00072                 BTFSC   CTRL_DISPLAY,PIN_D1
000A   2???           00073                 GOTO    MOSTRAR_D2                      
000B   1905           00074                 BTFSC   CTRL_DISPLAY,PIN_D2
000C   2???           00075                 GOTO    MOSTRAR_D3
000D   1885           00076                 BTFSC   CTRL_DISPLAY,PIN_D3
000E   2???           00077                 GOTO    MOSTRAR_D4
                      00078                 
                      00079                 MOSTRAR D1,PIN_D1
000F   0185               M                 APAGAR_DISPLAYS
0010   0820               M                 MOVF    D1,W
0011   2???               M                 CALL    TAB_DISPLAY
0012   0086               M                 MOVWF   PORTB
0013   1585               M                 BSF             CTRL_DISPLAY,3
0014   2???           00080                 GOTO    FIN_T0I
                      00081 
0015                  00082 MOSTRAR_D2
                      00083                 MOSTRAR D2,PIN_D2
0015   0185               M                 APAGAR_DISPLAYS
0016   0821               M                 MOVF    D2,W
0017   2???               M                 CALL    TAB_DISPLAY
0018   0086               M                 MOVWF   PORTB
0019   1505               M                 BSF             CTRL_DISPLAY,2
001A   2???           00084                 GOTO    FIN_T0I
                      00085 
001B                  00086 MOSTRAR_D3
                      00087                 MOSTRAR D3,PIN_D3
001B   0185               M                 APAGAR_DISPLAYS
001C   0822               M                 MOVF    D3,W
001D   2???               M                 CALL    TAB_DISPLAY
001E   0086               M                 MOVWF   PORTB
MPASM  5.31                          MAIN.ASM   11-12-2018  10:08:03         PAGE  3


LOC  OBJECT CODE     LINE SOURCE TEXT
  VALUE

001F   1485               M                 BSF             CTRL_DISPLAY,1
0020   2???           00088                 GOTO    FIN_T0I
                      00089 
0021                  00090 MOSTRAR_D4
                      00091                 MOSTRAR D4,PIN_D4
0021   0185               M                 APAGAR_DISPLAYS
0022   0823               M                 MOVF    D4,W
0023   2???               M                 CALL    TAB_DISPLAY
0024   0086               M                 MOVWF   PORTB
0025   1405               M                 BSF             CTRL_DISPLAY,0
                      00092                 
0026                  00093 FIN_T0I
                      00094 ;REINICIA TIMER Y RECUPERA STATUS Y W
0026   30C6           00095                 MOVLW   .198
0027   0081           00096                 MOVWF   TMR0
0028   0827           00097                 MOVF    AUX_STATUS,W
0029   0083           00098                 MOVWF   STATUS
002A   0826           00099                 MOVF    AUX_W,W
002B   0009           00100                 RETFIE
                      00101 
                      00102 ;CONFIGURACION
                      00103                 
002C                  00104 CONFI
002C   3007           00105                 MOVLW   0X07
002D   009F           00106                 MOVWF   CMCON; CMCON SE TIENE QUE ESTABLECER EN 7 PARA USAR TODO EL PORTA
002E   30C6           00107                 MOVLW   .198
002F   0081           00108                 MOVWF   TMR0
0030   1683           00109                 BSF             STATUS,RP0
0031   3001           00110                 MOVLW   b'00000001'
Message[302]: Register in operand not in bank 0.  Ensure that bank bits are correct.
0032   0086           00111                 MOVWF   TRISB   
0033   30F0           00112                 MOVLW   b'11110000'
Message[302]: Register in operand not in bank 0.  Ensure that bank bits are correct.
0034   0085           00113                 MOVWF   TRISA
Message[302]: Register in operand not in bank 0.  Ensure that bank bits are correct.
0035   1281           00114                 BCF             OPTION_REG,T0CS
Message[302]: Register in operand not in bank 0.  Ensure that bank bits are correct.
0036   1181           00115                 BCF             OPTION_REG,PSA
Message[302]: Register in operand not in bank 0.  Ensure that bank bits are correct.
0037   1401           00116                 BSF             OPTION_REG,PS0
Message[302]: Register in operand not in bank 0.  Ensure that bank bits are correct.
0038   1481           00117                 BSF             OPTION_REG,PS1
Message[302]: Register in operand not in bank 0.  Ensure that bank bits are correct.
0039   1501           00118                 BSF             OPTION_REG,PS2
003A   178B           00119                 BSF             INTCON,GIE
003B   168B           00120                 BSF             INTCON,T0IE
003C   1283           00121                 BCF             STATUS,RP0
                      00122 
                      00123 ;RUTINA PRINCIPAL
                      00124 ;INCREMENTA DE 0 A 9 CADA DIGITO DEPENDIENDO QUE BOTON SE TOCA. 
                      00125 
003D   0185           00126                 CLRF    PORTA
003E   0186           00127                 CLRF    PORTB
MPASM  5.31                          MAIN.ASM   11-12-2018  10:08:03         PAGE  4


LOC  OBJECT CODE     LINE SOURCE TEXT
  VALUE

003F   01A0           00128                 CLRF    D1
0040   01A1           00129                 CLRF    D2
0041   01A2           00130                 CLRF    D3
0042   01A3           00131                 CLRF    D4
0043                  00132 BOTONES
0043   1B05           00133                 BTFSC   BTN_G1                  ;BOTON G1 = INCREMENTA
0044   2???           00134                 CALL    DEMORA_AR
0045   1B05           00135                 BTFSC   BTN_G1                  
                      00136                 SUMAR   D4                              ;TIENE QUE SUMAR DE 000 A FFF
0046   0AA3               M                 INCF    D4,1
0047   0823               M                 MOVF    D4,W
0048   3A10               M                 XORLW   .16                                     ; LIMITE DE DIGITO -1
0049   1903               M                 BTFSC   STATUS,Z                        ; SI LLEGO AL LIMITE Z = 1
004A   01A3               M                 CLRF    D4                              ; LO PONE EN 0 PORQUE Z = 1
                      00137 
004B   1B85           00138                 BTFSC   BTN_G2                  ;BOTON G2 = RESTA
004C   2???           00139                 CALL    DEMORA_AR
004D   1B85           00140                 BTFSC   BTN_G2
                      00141                 SUMAR   D3                              ;MUESTRA EL DISPLAY4?
004E   0AA2               M                 INCF    D3,1
004F   0822               M                 MOVF    D3,W
0050   3A10               M                 XORLW   .16                                     ; LIMITE DE DIGITO -1
0051   1903               M                 BTFSC   STATUS,Z                        ; SI LLEGO AL LIMITE Z = 1
0052   01A2               M                 CLRF    D3                              ; LO PONE EN 0 PORQUE Z = 1
0053   1A05           00142                 BTFSC   BTN_R
0054   2???           00143                 CALL    DEMORA_AR
0055   1A05           00144                 BTFSC   BTN_R
                      00145                 SUMAR   D2                              ;MUESTRA EL DISPLAY2
0056   0AA1               M                 INCF    D2,1
0057   0821               M                 MOVF    D2,W
0058   3A10               M                 XORLW   .16                                     ; LIMITE DE DIGITO -1
0059   1903               M                 BTFSC   STATUS,Z                        ; SI LLEGO AL LIMITE Z = 1
005A   01A1               M                 CLRF    D2                              ; LO PONE EN 0 PORQUE Z = 1
005B   1806           00146                 BTFSC   BTN_M
005C   2???           00147                 CALL    DEMORA_AR
005D   1806           00148                 BTFSC   BTN_M
                      00149                 SUMAR   D1                              ;MUESTRA EL DISPLAY1
005E   0AA0               M                 INCF    D1,1
005F   0820               M                 MOVF    D1,W
0060   3A10               M                 XORLW   .16                                     ; LIMITE DE DIGITO -1
0061   1903               M                 BTFSC   STATUS,Z                        ; SI LLEGO AL LIMITE Z = 1
0062   01A0               M                 CLRF    D1                              ; LO PONE EN 0 PORQUE Z = 1
0063   2???           00150                 GOTO    BOTONES
                      00151 
0064                  00152 DEMORA_AR
0064   30FF           00153                 MOVLW   .255
0065   00A8           00154                 MOVWF   CONT_AR
0066                  00155 LOOP_AR
0066   30FF           00156                 MOVLW   .255
0067   00A9           00157                 MOVWF   CONT_AR_2
0068                  00158 LOOP_AR_2
0068   0BA9           00159                 DECFSZ  CONT_AR_2,1
0069   2???           00160                 GOTO    LOOP_AR_2
MPASM  5.31                          MAIN.ASM   11-12-2018  10:08:03         PAGE  5


LOC  OBJECT CODE     LINE SOURCE TEXT
  VALUE

006A   0BA8           00161                 DECFSZ  CONT_AR,1
006B   2???           00162                 GOTO    LOOP_AR
006C   0008           00163                 RETURN
                      00164                         
                      00165 ;CONVERSOR A DISPLAY
                      00166 ;RB1->SEG A
                      00167 ;RB2->SEG B 
                      00168 ;RB3->SEG C
                      00169 ;RB4->SEG D
                      00170 ;RB5->SEG E 
                      00171 ;RB6->SEG F
                      00172 ;RB7->SEG G
                      00173 
006D                  00174 TAB_DISPLAY
006D   0782           00175                 ADDWF   PCL,1
                      00176                 ;         GFEDCBA-
006E   347F           00177                 RETLW   b'01111111'                     ;0
006F   340D           00178                 RETLW   b'00001101'                     ;1
0070   34B7           00179                 RETLW   b'10110111'                     ;2
0071   349F           00180                 RETLW   b'10011111'                     ;3
0072   34CD           00181                 RETLW   b'11001101'                     ;4
0073   34DB           00182                 RETLW   b'11011011'                     ;5
0074   34FB           00183                 RETLW   b'11111011'                     ;6
0075   340F           00184                 RETLW   b'00001111'                     ;7
0076   34FF           00185                 RETLW   b'11111111'                     ;8
0077   34CF           00186                 RETLW   b'11001111'                     ;9
0078   34EF           00187                 RETLW   b'11101111'                     ;A
0079   34F9           00188                 RETLW   b'11111001'                     ;B
007A   3473           00189                 RETLW   b'01110011'                     ;C
007B   34BD           00190                 RETLW   b'10111101'                     ;D
007C   34F3           00191                 RETLW   b'11110011'                     ;E
007D   34E3           00192                 RETLW   b'11100011'                     ;F
007E   3481           00193                 RETLW   b'10000001'                     ;-              
3F10                  00194                 END
MPASM  5.31                          MAIN.ASM   11-12-2018  10:08:03         PAGE  6


SYMBOL TABLE
  LABEL                             VALUE 

ADEN                              00000003
APAGAR_DISPLAYS                   CLRF    PORTA
AUX_STATUS                        00000027
AUX_W                             00000026
BOTONES                           00000043
BRGH                              00000002
BTN_G1                            PORTA,6
BTN_G2                            PORTA,7
BTN_M                             PORTB,0
BTN_R                             PORTA,4
C                                 00000000
C1INV                             00000004
C1OUT                             00000006
C2INV                             00000005
C2OUT                             00000007
CCP1CON                           00000017
CCP1IE                            00000002
CCP1IF                            00000002
CCP1M0                            00000000
CCP1M1                            00000001
CCP1M2                            00000002
CCP1M3                            00000003
CCP1X                             00000005
CCP1Y                             00000004
CCPR1H                            00000016
CCPR1L                            00000015
CIS                               00000003
CM0                               00000000
CM1                               00000001
CM2                               00000002
CMCON                             0000001F
CMIE                              00000006
CMIF                              00000006
CONFI                             0000002C
CONT_AR                           00000028
CONT_AR_2                         00000029
CREN                              00000004
CSRC                              00000007
CTRL_DISPLAY                      PORTA
D1                                00000020
D2                                00000021
D3                                00000022
D4                                00000023
DC                                00000001
DEMORA_AR                         00000064
EEADR                             0000009B
EECON1                            0000009C
EECON2                            0000009D
EEDATA                            0000009A
EEIE                              00000007
EEIF                              00000007
F                                 00000001
FERR                              00000002
MPASM  5.31                          MAIN.ASM   11-12-2018  10:08:03         PAGE  7


SYMBOL TABLE
  LABEL                             VALUE 

FIN_T0I                           00000026
FSR                               00000004
GIE                               00000007
INDF                              00000000
INPUT_1                           00000024
INPUT_2                           00000025
INTCON                            0000000B
INTE                              00000004
INTEDG                            00000006
INTF                              00000001
IRP                               00000007
LOOP_AR                           00000066
LOOP_AR_2                         00000068
MOSTRAR                           
MOSTRAR_D2                        00000015
MOSTRAR_D3                        0000001B
MOSTRAR_D4                        00000021
NOT_BO                            00000000
NOT_BOD                           00000000
NOT_BOR                           00000000
NOT_PD                            00000003
NOT_POR                           00000001
NOT_RBPU                          00000007
NOT_T1SYNC                        00000002
NOT_TO                            00000004
OERR                              00000001
OPTION_REG                        00000081
OSCF                              00000003
PCL                               00000002
PCLATH                            0000000A
PCON                              0000008E
PEIE                              00000006
PIE1                              0000008C
PIN_D1                            3
PIN_D2                            2
PIN_D3                            1
PIN_D4                            0
PIR1                              0000000C
PORTA                             00000005
PORTB                             00000006
PR2                               00000092
PS0                               00000000
PS1                               00000001
PS2                               00000002
PSA                               00000003
RBIE                              00000003
RBIF                              00000000
RCIE                              00000005
RCIF                              00000005
RCREG                             0000001A
RCSTA                             00000018
RD                                00000000
RESTAR                            
MPASM  5.31                          MAIN.ASM   11-12-2018  10:08:03         PAGE  8


SYMBOL TABLE
  LABEL                             VALUE 

RP0                               00000005
RP1                               00000006
RX9                               00000006
RX9D                              00000000
SPBRG                             00000099
SPEN                              00000007
SREN                              00000005
STATUS                            00000003
SUMAR                             
SYNC                              00000004
T0CS                              00000005
T0IE                              00000005
T0IF                              00000002
T0SE                              00000004
T1CKPS0                           00000004
T1CKPS1                           00000005
T1CON                             00000010
T1OSCEN                           00000003
T2CKPS0                           00000000
T2CKPS1                           00000001
T2CON                             00000012
TAB_DISPLAY                       0000006D
TMR0                              00000001
TMR1CS                            00000001
TMR1H                             0000000F
TMR1IE                            00000000
TMR1IF                            00000000
TMR1L                             0000000E
TMR1ON                            00000000
TMR2                              00000011
TMR2IE                            00000001
TMR2IF                            00000001
TMR2ON                            00000002
TOUTPS0                           00000003
TOUTPS1                           00000004
TOUTPS2                           00000005
TOUTPS3                           00000006
TRISA                             00000085
TRISB                             00000086
TRMT                              00000001
TX9                               00000006
TX9D                              00000000
TXEN                              00000005
TXIE                              00000004
TXIF                              00000004
TXREG                             00000019
TXSTA                             00000098
VR0                               00000000
VR1                               00000001
VR2                               00000002
VR3                               00000003
VRCON                             0000009F
VREN                              00000007
MPASM  5.31                          MAIN.ASM   11-12-2018  10:08:03         PAGE  9


SYMBOL TABLE
  LABEL                             VALUE 

VROE                              00000006
VRR                               00000005
W                                 00000000
WR                                00000001
WREN                              00000002
WRERR                             00000003
Z                                 00000002
_BODEN_OFF                        00003FBF
_BODEN_ON                         00003FFF
_CP_50                            00002BFF
_CP_75                            000017FF
_CP_ALL                           000003FF
_CP_OFF                           00003FFF
_DATA_CP_OFF                      00003FFF
_DATA_CP_ON                       00003EFF
_ER_OSC_CLKOUT                    00003FFF
_ER_OSC_NOCLKOUT                  00003FFE
_EXTCLK_OSC                       00003FEF
_HS_OSC                           00003FEE
_INTRC_OSC_CLKOUT                 00003FFD
_INTRC_OSC_NOCLKOUT               00003FFC
_LP_OSC                           00003FEC
_LVP_OFF                          00003F7F
_LVP_ON                           00003FFF
_MCLRE_OFF                        00003FDF
_MCLRE_ON                         00003FFF
_PWRTE_OFF                        00003FFF
_PWRTE_ON                         00003FF7
_WDT_OFF                          00003FFB
_WDT_ON                           00003FFF
_XT_OSC                           00003FED
__16F628                          00000001
__DEBUG                           1

Errors   :     0
Warnings :     0 reported,     0 suppressed
Messages :     7 reported,     0 suppressed

